[debug] [2025-09-25T03:37:53.024Z] ----------------------------------------------------------------------
[debug] [2025-09-25T03:37:53.026Z] Command:       C:\nvm4w\nodejs\node.exe C:\Users\XPC\AppData\Roaming\npm\node_modules\firebase-tools\lib\bin\firebase.js projects:list
[debug] [2025-09-25T03:37:53.026Z] CLI Version:   14.17.0
[debug] [2025-09-25T03:37:53.026Z] Platform:      win32
[debug] [2025-09-25T03:37:53.027Z] Node Version:  v22.13.0
[debug] [2025-09-25T03:37:53.027Z] Time:          Wed Sep 24 2025 21:37:53 GMT-0600 (Central Standard Time)
[debug] [2025-09-25T03:37:53.027Z] ----------------------------------------------------------------------
[debug] 
[debug] [2025-09-25T03:37:53.196Z] > command requires scopes: ["email","openid","https://www.googleapis.com/auth/cloudplatformprojects.readonly","https://www.googleapis.com/auth/firebase","https://www.googleapis.com/auth/cloud-platform"]
[debug] [2025-09-25T03:37:53.196Z] > authorizing via signed-in user (americapixelgames@gmail.com)
[debug] [2025-09-25T03:37:53.199Z] Checked if tokens are valid: false, expires at: 1690980307333
[debug] [2025-09-25T03:37:53.199Z] Checked if tokens are valid: false, expires at: 1690980307333
[debug] [2025-09-25T03:37:53.199Z] > refreshing access token with scopes: []
[debug] [2025-09-25T03:37:53.201Z] >>> [apiv2][query] POST https://www.googleapis.com/oauth2/v3/token [none]
[debug] [2025-09-25T03:37:53.201Z] >>> [apiv2][body] POST https://www.googleapis.com/oauth2/v3/token [omitted]
[debug] [2025-09-25T03:37:53.503Z] <<< [apiv2][status] POST https://www.googleapis.com/oauth2/v3/token 400
[debug] [2025-09-25T03:37:53.503Z] <<< [apiv2][body] POST https://www.googleapis.com/oauth2/v3/token [omitted]
[debug] [2025-09-25T03:37:53.503Z] >>> [apiv2][query] GET https://firebase.googleapis.com/v1beta1/projects pageSize=1000
[debug] [2025-09-25T03:37:53.752Z] <<< [apiv2][status] GET https://firebase.googleapis.com/v1beta1/projects 401
[debug] [2025-09-25T03:37:53.752Z] <<< [apiv2][body] GET https://firebase.googleapis.com/v1beta1/projects [omitted]
[debug] [2025-09-25T03:37:53.752Z] Got a 401 Unauthenticated error for a call that required authentication. Refreshing tokens.
[debug] [2025-09-25T03:37:53.752Z] Checked if tokens are valid: false, expires at: 1690980307333
[debug] [2025-09-25T03:37:53.752Z] Checked if tokens are valid: false, expires at: 1690980307333
[debug] [2025-09-25T03:37:53.752Z] > refreshing access token with scopes: []
[debug] [2025-09-25T03:37:53.753Z] >>> [apiv2][query] POST https://www.googleapis.com/oauth2/v3/token [none]
[debug] [2025-09-25T03:37:53.753Z] >>> [apiv2][body] POST https://www.googleapis.com/oauth2/v3/token [omitted]
[debug] [2025-09-25T03:37:53.856Z] <<< [apiv2][status] POST https://www.googleapis.com/oauth2/v3/token 400
[debug] [2025-09-25T03:37:53.856Z] <<< [apiv2][body] POST https://www.googleapis.com/oauth2/v3/token [omitted]
[debug] [2025-09-25T03:37:53.857Z] Request to https://firebase.googleapis.com/v1beta1/projects?pageSize=1000 had HTTP Error: 401, Request had invalid authentication credentials. Expected OAuth 2 access token, login cookie or other valid authentication credential. See https://developers.google.com/identity/sign-in/web/devconsole-project.
[debug] [2025-09-25T03:37:54.117Z] FirebaseError: Request to https://firebase.googleapis.com/v1beta1/projects?pageSize=1000 had HTTP Error: 401, Request had invalid authentication credentials. Expected OAuth 2 access token, login cookie or other valid authentication credential. See https://developers.google.com/identity/sign-in/web/devconsole-project.
    at responseToError (C:\Users\XPC\AppData\Roaming\npm\node_modules\firebase-tools\lib\responseToError.js:52:12)
    at RetryOperation._fn (C:\Users\XPC\AppData\Roaming\npm\node_modules\firebase-tools\lib\apiv2.js:312:77)
    at process.processTicksAndRejections (node:internal/process/task_queues:105:5)
[error] 
[error] Error: Failed to list Firebase projects. See firebase-debug.log for more info.
